CRITICAL - 2024-10-13 13:28:30 --> CodeIgniter\View\Exceptions\ViewException: Invalid file: "products/index.php"
[Method: GET, Route: products]
in SYSTEMPATH\Exceptions\FrameworkException.php on line 41.
 1 SYSTEMPATH\View\View.php(222): CodeIgniter\Exceptions\FrameworkException::forInvalidFile('products/index.php')
 2 SYSTEMPATH\Common.php(1171): CodeIgniter\View\View->render('products/index', [], true)
 3 APPPATH\Controllers\ProductController.php(14): view('products/index', [...])
 4 SYSTEMPATH\CodeIgniter.php(933): App\Controllers\ProductController->index()
 5 SYSTEMPATH\CodeIgniter.php(509): CodeIgniter\CodeIgniter->runController(Object(App\Controllers\ProductController))
 6 SYSTEMPATH\CodeIgniter.php(355): CodeIgniter\CodeIgniter->handleRequest(null, Object(Config\Cache), false)
 7 SYSTEMPATH\Boot.php(325): CodeIgniter\CodeIgniter->run()
 8 SYSTEMPATH\Boot.php(67): CodeIgniter\Boot::runCodeIgniter(Object(CodeIgniter\CodeIgniter))
 9 FCPATH\index.php(56): CodeIgniter\Boot::bootWeb(Object(Config\Paths))
CRITICAL - 2024-10-13 13:29:07 --> CodeIgniter\View\Exceptions\ViewException: Invalid file: "products/index.php"
[Method: GET, Route: products]
in SYSTEMPATH\Exceptions\FrameworkException.php on line 41.
 1 SYSTEMPATH\View\View.php(222): CodeIgniter\Exceptions\FrameworkException::forInvalidFile('products/index.php')
 2 SYSTEMPATH\Common.php(1171): CodeIgniter\View\View->render('products/index', [], true)
 3 APPPATH\Controllers\ProductController.php(14): view('products/index', [...])
 4 SYSTEMPATH\CodeIgniter.php(933): App\Controllers\ProductController->index()
 5 SYSTEMPATH\CodeIgniter.php(509): CodeIgniter\CodeIgniter->runController(Object(App\Controllers\ProductController))
 6 SYSTEMPATH\CodeIgniter.php(355): CodeIgniter\CodeIgniter->handleRequest(null, Object(Config\Cache), false)
 7 SYSTEMPATH\Boot.php(325): CodeIgniter\CodeIgniter->run()
 8 SYSTEMPATH\Boot.php(67): CodeIgniter\Boot::runCodeIgniter(Object(CodeIgniter\CodeIgniter))
 9 FCPATH\index.php(56): CodeIgniter\Boot::bootWeb(Object(Config\Paths))
CRITICAL - 2024-10-13 13:29:07 --> CodeIgniter\View\Exceptions\ViewException: Invalid file: "products/index.php"
[Method: GET, Route: products]
in SYSTEMPATH\Exceptions\FrameworkException.php on line 41.
 1 SYSTEMPATH\View\View.php(222): CodeIgniter\Exceptions\FrameworkException::forInvalidFile('products/index.php')
 2 SYSTEMPATH\Common.php(1171): CodeIgniter\View\View->render('products/index', [], true)
 3 APPPATH\Controllers\ProductController.php(14): view('products/index', [...])
 4 SYSTEMPATH\CodeIgniter.php(933): App\Controllers\ProductController->index()
 5 SYSTEMPATH\CodeIgniter.php(509): CodeIgniter\CodeIgniter->runController(Object(App\Controllers\ProductController))
 6 SYSTEMPATH\CodeIgniter.php(355): CodeIgniter\CodeIgniter->handleRequest(null, Object(Config\Cache), false)
 7 SYSTEMPATH\Boot.php(325): CodeIgniter\CodeIgniter->run()
 8 SYSTEMPATH\Boot.php(67): CodeIgniter\Boot::runCodeIgniter(Object(CodeIgniter\CodeIgniter))
 9 FCPATH\index.php(56): CodeIgniter\Boot::bootWeb(Object(Config\Paths))
CRITICAL - 2024-10-13 13:29:08 --> CodeIgniter\View\Exceptions\ViewException: Invalid file: "products/index.php"
[Method: GET, Route: products]
in SYSTEMPATH\Exceptions\FrameworkException.php on line 41.
 1 SYSTEMPATH\View\View.php(222): CodeIgniter\Exceptions\FrameworkException::forInvalidFile('products/index.php')
 2 SYSTEMPATH\Common.php(1171): CodeIgniter\View\View->render('products/index', [], true)
 3 APPPATH\Controllers\ProductController.php(14): view('products/index', [...])
 4 SYSTEMPATH\CodeIgniter.php(933): App\Controllers\ProductController->index()
 5 SYSTEMPATH\CodeIgniter.php(509): CodeIgniter\CodeIgniter->runController(Object(App\Controllers\ProductController))
 6 SYSTEMPATH\CodeIgniter.php(355): CodeIgniter\CodeIgniter->handleRequest(null, Object(Config\Cache), false)
 7 SYSTEMPATH\Boot.php(325): CodeIgniter\CodeIgniter->run()
 8 SYSTEMPATH\Boot.php(67): CodeIgniter\Boot::runCodeIgniter(Object(CodeIgniter\CodeIgniter))
 9 FCPATH\index.php(56): CodeIgniter\Boot::bootWeb(Object(Config\Paths))
CRITICAL - 2024-10-13 13:29:08 --> CodeIgniter\View\Exceptions\ViewException: Invalid file: "products/index.php"
[Method: GET, Route: products]
in SYSTEMPATH\Exceptions\FrameworkException.php on line 41.
 1 SYSTEMPATH\View\View.php(222): CodeIgniter\Exceptions\FrameworkException::forInvalidFile('products/index.php')
 2 SYSTEMPATH\Common.php(1171): CodeIgniter\View\View->render('products/index', [], true)
 3 APPPATH\Controllers\ProductController.php(14): view('products/index', [...])
 4 SYSTEMPATH\CodeIgniter.php(933): App\Controllers\ProductController->index()
 5 SYSTEMPATH\CodeIgniter.php(509): CodeIgniter\CodeIgniter->runController(Object(App\Controllers\ProductController))
 6 SYSTEMPATH\CodeIgniter.php(355): CodeIgniter\CodeIgniter->handleRequest(null, Object(Config\Cache), false)
 7 SYSTEMPATH\Boot.php(325): CodeIgniter\CodeIgniter->run()
 8 SYSTEMPATH\Boot.php(67): CodeIgniter\Boot::runCodeIgniter(Object(CodeIgniter\CodeIgniter))
 9 FCPATH\index.php(56): CodeIgniter\Boot::bootWeb(Object(Config\Paths))
CRITICAL - 2024-10-13 13:30:35 --> CodeIgniter\View\Exceptions\ViewException: Invalid file: "products/index.php"
[Method: GET, Route: products]
in SYSTEMPATH\Exceptions\FrameworkException.php on line 41.
 1 SYSTEMPATH\View\View.php(222): CodeIgniter\Exceptions\FrameworkException::forInvalidFile('products/index.php')
 2 SYSTEMPATH\Common.php(1171): CodeIgniter\View\View->render('products/index', [], true)
 3 APPPATH\Controllers\ProductController.php(14): view('products/index', [...])
 4 SYSTEMPATH\CodeIgniter.php(933): App\Controllers\ProductController->index()
 5 SYSTEMPATH\CodeIgniter.php(509): CodeIgniter\CodeIgniter->runController(Object(App\Controllers\ProductController))
 6 SYSTEMPATH\CodeIgniter.php(355): CodeIgniter\CodeIgniter->handleRequest(null, Object(Config\Cache), false)
 7 SYSTEMPATH\Boot.php(325): CodeIgniter\CodeIgniter->run()
 8 SYSTEMPATH\Boot.php(67): CodeIgniter\Boot::runCodeIgniter(Object(CodeIgniter\CodeIgniter))
 9 FCPATH\index.php(56): CodeIgniter\Boot::bootWeb(Object(Config\Paths))
CRITICAL - 2024-10-13 13:30:35 --> CodeIgniter\View\Exceptions\ViewException: Invalid file: "products/index.php"
[Method: GET, Route: products]
in SYSTEMPATH\Exceptions\FrameworkException.php on line 41.
 1 SYSTEMPATH\View\View.php(222): CodeIgniter\Exceptions\FrameworkException::forInvalidFile('products/index.php')
 2 SYSTEMPATH\Common.php(1171): CodeIgniter\View\View->render('products/index', [], true)
 3 APPPATH\Controllers\ProductController.php(14): view('products/index', [...])
 4 SYSTEMPATH\CodeIgniter.php(933): App\Controllers\ProductController->index()
 5 SYSTEMPATH\CodeIgniter.php(509): CodeIgniter\CodeIgniter->runController(Object(App\Controllers\ProductController))
 6 SYSTEMPATH\CodeIgniter.php(355): CodeIgniter\CodeIgniter->handleRequest(null, Object(Config\Cache), false)
 7 SYSTEMPATH\Boot.php(325): CodeIgniter\CodeIgniter->run()
 8 SYSTEMPATH\Boot.php(67): CodeIgniter\Boot::runCodeIgniter(Object(CodeIgniter\CodeIgniter))
 9 FCPATH\index.php(56): CodeIgniter\Boot::bootWeb(Object(Config\Paths))
CRITICAL - 2024-10-13 13:30:35 --> CodeIgniter\View\Exceptions\ViewException: Invalid file: "products/index.php"
[Method: GET, Route: products]
in SYSTEMPATH\Exceptions\FrameworkException.php on line 41.
 1 SYSTEMPATH\View\View.php(222): CodeIgniter\Exceptions\FrameworkException::forInvalidFile('products/index.php')
 2 SYSTEMPATH\Common.php(1171): CodeIgniter\View\View->render('products/index', [], true)
 3 APPPATH\Controllers\ProductController.php(14): view('products/index', [...])
 4 SYSTEMPATH\CodeIgniter.php(933): App\Controllers\ProductController->index()
 5 SYSTEMPATH\CodeIgniter.php(509): CodeIgniter\CodeIgniter->runController(Object(App\Controllers\ProductController))
 6 SYSTEMPATH\CodeIgniter.php(355): CodeIgniter\CodeIgniter->handleRequest(null, Object(Config\Cache), false)
 7 SYSTEMPATH\Boot.php(325): CodeIgniter\CodeIgniter->run()
 8 SYSTEMPATH\Boot.php(67): CodeIgniter\Boot::runCodeIgniter(Object(CodeIgniter\CodeIgniter))
 9 FCPATH\index.php(56): CodeIgniter\Boot::bootWeb(Object(Config\Paths))
CRITICAL - 2024-10-13 13:30:35 --> CodeIgniter\View\Exceptions\ViewException: Invalid file: "products/index.php"
[Method: GET, Route: products]
in SYSTEMPATH\Exceptions\FrameworkException.php on line 41.
 1 SYSTEMPATH\View\View.php(222): CodeIgniter\Exceptions\FrameworkException::forInvalidFile('products/index.php')
 2 SYSTEMPATH\Common.php(1171): CodeIgniter\View\View->render('products/index', [], true)
 3 APPPATH\Controllers\ProductController.php(14): view('products/index', [...])
 4 SYSTEMPATH\CodeIgniter.php(933): App\Controllers\ProductController->index()
 5 SYSTEMPATH\CodeIgniter.php(509): CodeIgniter\CodeIgniter->runController(Object(App\Controllers\ProductController))
 6 SYSTEMPATH\CodeIgniter.php(355): CodeIgniter\CodeIgniter->handleRequest(null, Object(Config\Cache), false)
 7 SYSTEMPATH\Boot.php(325): CodeIgniter\CodeIgniter->run()
 8 SYSTEMPATH\Boot.php(67): CodeIgniter\Boot::runCodeIgniter(Object(CodeIgniter\CodeIgniter))
 9 FCPATH\index.php(56): CodeIgniter\Boot::bootWeb(Object(Config\Paths))
CRITICAL - 2024-10-13 13:30:39 --> CodeIgniter\View\Exceptions\ViewException: Invalid file: "products/index.php"
[Method: GET, Route: products]
in SYSTEMPATH\Exceptions\FrameworkException.php on line 41.
 1 SYSTEMPATH\View\View.php(222): CodeIgniter\Exceptions\FrameworkException::forInvalidFile('products/index.php')
 2 SYSTEMPATH\Common.php(1171): CodeIgniter\View\View->render('products/index', [], true)
 3 APPPATH\Controllers\ProductController.php(14): view('products/index', [...])
 4 SYSTEMPATH\CodeIgniter.php(933): App\Controllers\ProductController->index()
 5 SYSTEMPATH\CodeIgniter.php(509): CodeIgniter\CodeIgniter->runController(Object(App\Controllers\ProductController))
 6 SYSTEMPATH\CodeIgniter.php(355): CodeIgniter\CodeIgniter->handleRequest(null, Object(Config\Cache), false)
 7 SYSTEMPATH\Boot.php(325): CodeIgniter\CodeIgniter->run()
 8 SYSTEMPATH\Boot.php(67): CodeIgniter\Boot::runCodeIgniter(Object(CodeIgniter\CodeIgniter))
 9 FCPATH\index.php(56): CodeIgniter\Boot::bootWeb(Object(Config\Paths))
CRITICAL - 2024-10-13 13:31:32 --> CodeIgniter\View\Exceptions\ViewException: Invalid file: "products/index.php"
[Method: GET, Route: products]
in SYSTEMPATH\Exceptions\FrameworkException.php on line 41.
 1 SYSTEMPATH\View\View.php(222): CodeIgniter\Exceptions\FrameworkException::forInvalidFile('products/index.php')
 2 SYSTEMPATH\Common.php(1171): CodeIgniter\View\View->render('products/index', [], true)
 3 APPPATH\Controllers\ProductController.php(14): view('products/index', [...])
 4 SYSTEMPATH\CodeIgniter.php(933): App\Controllers\ProductController->index()
 5 SYSTEMPATH\CodeIgniter.php(509): CodeIgniter\CodeIgniter->runController(Object(App\Controllers\ProductController))
 6 SYSTEMPATH\CodeIgniter.php(355): CodeIgniter\CodeIgniter->handleRequest(null, Object(Config\Cache), false)
 7 SYSTEMPATH\Boot.php(325): CodeIgniter\CodeIgniter->run()
 8 SYSTEMPATH\Boot.php(67): CodeIgniter\Boot::runCodeIgniter(Object(CodeIgniter\CodeIgniter))
 9 FCPATH\index.php(56): CodeIgniter\Boot::bootWeb(Object(Config\Paths))
CRITICAL - 2024-10-13 13:31:32 --> CodeIgniter\View\Exceptions\ViewException: Invalid file: "products/index.php"
[Method: GET, Route: products]
in SYSTEMPATH\Exceptions\FrameworkException.php on line 41.
 1 SYSTEMPATH\View\View.php(222): CodeIgniter\Exceptions\FrameworkException::forInvalidFile('products/index.php')
 2 SYSTEMPATH\Common.php(1171): CodeIgniter\View\View->render('products/index', [], true)
 3 APPPATH\Controllers\ProductController.php(14): view('products/index', [...])
 4 SYSTEMPATH\CodeIgniter.php(933): App\Controllers\ProductController->index()
 5 SYSTEMPATH\CodeIgniter.php(509): CodeIgniter\CodeIgniter->runController(Object(App\Controllers\ProductController))
 6 SYSTEMPATH\CodeIgniter.php(355): CodeIgniter\CodeIgniter->handleRequest(null, Object(Config\Cache), false)
 7 SYSTEMPATH\Boot.php(325): CodeIgniter\CodeIgniter->run()
 8 SYSTEMPATH\Boot.php(67): CodeIgniter\Boot::runCodeIgniter(Object(CodeIgniter\CodeIgniter))
 9 FCPATH\index.php(56): CodeIgniter\Boot::bootWeb(Object(Config\Paths))
CRITICAL - 2024-10-13 13:31:32 --> CodeIgniter\View\Exceptions\ViewException: Invalid file: "products/index.php"
[Method: GET, Route: products]
in SYSTEMPATH\Exceptions\FrameworkException.php on line 41.
 1 SYSTEMPATH\View\View.php(222): CodeIgniter\Exceptions\FrameworkException::forInvalidFile('products/index.php')
 2 SYSTEMPATH\Common.php(1171): CodeIgniter\View\View->render('products/index', [], true)
 3 APPPATH\Controllers\ProductController.php(14): view('products/index', [...])
 4 SYSTEMPATH\CodeIgniter.php(933): App\Controllers\ProductController->index()
 5 SYSTEMPATH\CodeIgniter.php(509): CodeIgniter\CodeIgniter->runController(Object(App\Controllers\ProductController))
 6 SYSTEMPATH\CodeIgniter.php(355): CodeIgniter\CodeIgniter->handleRequest(null, Object(Config\Cache), false)
 7 SYSTEMPATH\Boot.php(325): CodeIgniter\CodeIgniter->run()
 8 SYSTEMPATH\Boot.php(67): CodeIgniter\Boot::runCodeIgniter(Object(CodeIgniter\CodeIgniter))
 9 FCPATH\index.php(56): CodeIgniter\Boot::bootWeb(Object(Config\Paths))
CRITICAL - 2024-10-13 13:33:29 --> CodeIgniter\View\Exceptions\ViewException: Invalid file: "products/index.php"
[Method: GET, Route: products]
in SYSTEMPATH\Exceptions\FrameworkException.php on line 41.
 1 SYSTEMPATH\View\View.php(222): CodeIgniter\Exceptions\FrameworkException::forInvalidFile('products/index.php')
 2 SYSTEMPATH\Common.php(1171): CodeIgniter\View\View->render('products/index', [], true)
 3 APPPATH\Controllers\ProductController.php(14): view('products/index', [...])
 4 SYSTEMPATH\CodeIgniter.php(933): App\Controllers\ProductController->index()
 5 SYSTEMPATH\CodeIgniter.php(509): CodeIgniter\CodeIgniter->runController(Object(App\Controllers\ProductController))
 6 SYSTEMPATH\CodeIgniter.php(355): CodeIgniter\CodeIgniter->handleRequest(null, Object(Config\Cache), false)
 7 SYSTEMPATH\Boot.php(325): CodeIgniter\CodeIgniter->run()
 8 SYSTEMPATH\Boot.php(67): CodeIgniter\Boot::runCodeIgniter(Object(CodeIgniter\CodeIgniter))
 9 FCPATH\index.php(56): CodeIgniter\Boot::bootWeb(Object(Config\Paths))
CRITICAL - 2024-10-13 13:33:30 --> CodeIgniter\View\Exceptions\ViewException: Invalid file: "products/index.php"
[Method: GET, Route: products]
in SYSTEMPATH\Exceptions\FrameworkException.php on line 41.
 1 SYSTEMPATH\View\View.php(222): CodeIgniter\Exceptions\FrameworkException::forInvalidFile('products/index.php')
 2 SYSTEMPATH\Common.php(1171): CodeIgniter\View\View->render('products/index', [], true)
 3 APPPATH\Controllers\ProductController.php(14): view('products/index', [...])
 4 SYSTEMPATH\CodeIgniter.php(933): App\Controllers\ProductController->index()
 5 SYSTEMPATH\CodeIgniter.php(509): CodeIgniter\CodeIgniter->runController(Object(App\Controllers\ProductController))
 6 SYSTEMPATH\CodeIgniter.php(355): CodeIgniter\CodeIgniter->handleRequest(null, Object(Config\Cache), false)
 7 SYSTEMPATH\Boot.php(325): CodeIgniter\CodeIgniter->run()
 8 SYSTEMPATH\Boot.php(67): CodeIgniter\Boot::runCodeIgniter(Object(CodeIgniter\CodeIgniter))
 9 FCPATH\index.php(56): CodeIgniter\Boot::bootWeb(Object(Config\Paths))
CRITICAL - 2024-10-13 13:33:30 --> CodeIgniter\View\Exceptions\ViewException: Invalid file: "products/index.php"
[Method: GET, Route: products]
in SYSTEMPATH\Exceptions\FrameworkException.php on line 41.
 1 SYSTEMPATH\View\View.php(222): CodeIgniter\Exceptions\FrameworkException::forInvalidFile('products/index.php')
 2 SYSTEMPATH\Common.php(1171): CodeIgniter\View\View->render('products/index', [], true)
 3 APPPATH\Controllers\ProductController.php(14): view('products/index', [...])
 4 SYSTEMPATH\CodeIgniter.php(933): App\Controllers\ProductController->index()
 5 SYSTEMPATH\CodeIgniter.php(509): CodeIgniter\CodeIgniter->runController(Object(App\Controllers\ProductController))
 6 SYSTEMPATH\CodeIgniter.php(355): CodeIgniter\CodeIgniter->handleRequest(null, Object(Config\Cache), false)
 7 SYSTEMPATH\Boot.php(325): CodeIgniter\CodeIgniter->run()
 8 SYSTEMPATH\Boot.php(67): CodeIgniter\Boot::runCodeIgniter(Object(CodeIgniter\CodeIgniter))
 9 FCPATH\index.php(56): CodeIgniter\Boot::bootWeb(Object(Config\Paths))
CRITICAL - 2024-10-13 13:33:30 --> CodeIgniter\View\Exceptions\ViewException: Invalid file: "products/index.php"
[Method: GET, Route: products]
in SYSTEMPATH\Exceptions\FrameworkException.php on line 41.
 1 SYSTEMPATH\View\View.php(222): CodeIgniter\Exceptions\FrameworkException::forInvalidFile('products/index.php')
 2 SYSTEMPATH\Common.php(1171): CodeIgniter\View\View->render('products/index', [], true)
 3 APPPATH\Controllers\ProductController.php(14): view('products/index', [...])
 4 SYSTEMPATH\CodeIgniter.php(933): App\Controllers\ProductController->index()
 5 SYSTEMPATH\CodeIgniter.php(509): CodeIgniter\CodeIgniter->runController(Object(App\Controllers\ProductController))
 6 SYSTEMPATH\CodeIgniter.php(355): CodeIgniter\CodeIgniter->handleRequest(null, Object(Config\Cache), false)
 7 SYSTEMPATH\Boot.php(325): CodeIgniter\CodeIgniter->run()
 8 SYSTEMPATH\Boot.php(67): CodeIgniter\Boot::runCodeIgniter(Object(CodeIgniter\CodeIgniter))
 9 FCPATH\index.php(56): CodeIgniter\Boot::bootWeb(Object(Config\Paths))
CRITICAL - 2024-10-13 13:33:35 --> CodeIgniter\View\Exceptions\ViewException: Invalid file: "products/index.php"
[Method: GET, Route: products]
in SYSTEMPATH\Exceptions\FrameworkException.php on line 41.
 1 SYSTEMPATH\View\View.php(222): CodeIgniter\Exceptions\FrameworkException::forInvalidFile('products/index.php')
 2 SYSTEMPATH\Common.php(1171): CodeIgniter\View\View->render('products/index', [], true)
 3 APPPATH\Controllers\ProductController.php(14): view('products/index', [...])
 4 SYSTEMPATH\CodeIgniter.php(933): App\Controllers\ProductController->index()
 5 SYSTEMPATH\CodeIgniter.php(509): CodeIgniter\CodeIgniter->runController(Object(App\Controllers\ProductController))
 6 SYSTEMPATH\CodeIgniter.php(355): CodeIgniter\CodeIgniter->handleRequest(null, Object(Config\Cache), false)
 7 SYSTEMPATH\Boot.php(325): CodeIgniter\CodeIgniter->run()
 8 SYSTEMPATH\Boot.php(67): CodeIgniter\Boot::runCodeIgniter(Object(CodeIgniter\CodeIgniter))
 9 FCPATH\index.php(56): CodeIgniter\Boot::bootWeb(Object(Config\Paths))
CRITICAL - 2024-10-13 13:33:35 --> CodeIgniter\View\Exceptions\ViewException: Invalid file: "products/index.php"
[Method: GET, Route: products]
in SYSTEMPATH\Exceptions\FrameworkException.php on line 41.
 1 SYSTEMPATH\View\View.php(222): CodeIgniter\Exceptions\FrameworkException::forInvalidFile('products/index.php')
 2 SYSTEMPATH\Common.php(1171): CodeIgniter\View\View->render('products/index', [], true)
 3 APPPATH\Controllers\ProductController.php(14): view('products/index', [...])
 4 SYSTEMPATH\CodeIgniter.php(933): App\Controllers\ProductController->index()
 5 SYSTEMPATH\CodeIgniter.php(509): CodeIgniter\CodeIgniter->runController(Object(App\Controllers\ProductController))
 6 SYSTEMPATH\CodeIgniter.php(355): CodeIgniter\CodeIgniter->handleRequest(null, Object(Config\Cache), false)
 7 SYSTEMPATH\Boot.php(325): CodeIgniter\CodeIgniter->run()
 8 SYSTEMPATH\Boot.php(67): CodeIgniter\Boot::runCodeIgniter(Object(CodeIgniter\CodeIgniter))
 9 FCPATH\index.php(56): CodeIgniter\Boot::bootWeb(Object(Config\Paths))
CRITICAL - 2024-10-13 13:33:35 --> CodeIgniter\View\Exceptions\ViewException: Invalid file: "products/index.php"
[Method: GET, Route: products]
in SYSTEMPATH\Exceptions\FrameworkException.php on line 41.
 1 SYSTEMPATH\View\View.php(222): CodeIgniter\Exceptions\FrameworkException::forInvalidFile('products/index.php')
 2 SYSTEMPATH\Common.php(1171): CodeIgniter\View\View->render('products/index', [], true)
 3 APPPATH\Controllers\ProductController.php(14): view('products/index', [...])
 4 SYSTEMPATH\CodeIgniter.php(933): App\Controllers\ProductController->index()
 5 SYSTEMPATH\CodeIgniter.php(509): CodeIgniter\CodeIgniter->runController(Object(App\Controllers\ProductController))
 6 SYSTEMPATH\CodeIgniter.php(355): CodeIgniter\CodeIgniter->handleRequest(null, Object(Config\Cache), false)
 7 SYSTEMPATH\Boot.php(325): CodeIgniter\CodeIgniter->run()
 8 SYSTEMPATH\Boot.php(67): CodeIgniter\Boot::runCodeIgniter(Object(CodeIgniter\CodeIgniter))
 9 FCPATH\index.php(56): CodeIgniter\Boot::bootWeb(Object(Config\Paths))
CRITICAL - 2024-10-13 13:40:55 --> CodeIgniter\View\Exceptions\ViewException: Invalid file: "products/index.php"
[Method: GET, Route: products]
in SYSTEMPATH\Exceptions\FrameworkException.php on line 41.
 1 SYSTEMPATH\View\View.php(222): CodeIgniter\Exceptions\FrameworkException::forInvalidFile('products/index.php')
 2 SYSTEMPATH\Common.php(1171): CodeIgniter\View\View->render('products/index', [], true)
 3 APPPATH\Controllers\ProductController.php(14): view('products/index', [...])
 4 SYSTEMPATH\CodeIgniter.php(933): App\Controllers\ProductController->index()
 5 SYSTEMPATH\CodeIgniter.php(509): CodeIgniter\CodeIgniter->runController(Object(App\Controllers\ProductController))
 6 SYSTEMPATH\CodeIgniter.php(355): CodeIgniter\CodeIgniter->handleRequest(null, Object(Config\Cache), false)
 7 SYSTEMPATH\Boot.php(325): CodeIgniter\CodeIgniter->run()
 8 SYSTEMPATH\Boot.php(67): CodeIgniter\Boot::runCodeIgniter(Object(CodeIgniter\CodeIgniter))
 9 FCPATH\index.php(56): CodeIgniter\Boot::bootWeb(Object(Config\Paths))
CRITICAL - 2024-10-13 13:43:13 --> CodeIgniter\View\Exceptions\ViewException: Invalid file: "products/index.php"
[Method: GET, Route: products]
in SYSTEMPATH\Exceptions\FrameworkException.php on line 41.
 1 SYSTEMPATH\View\View.php(222): CodeIgniter\Exceptions\FrameworkException::forInvalidFile('products/index.php')
 2 SYSTEMPATH\Common.php(1171): CodeIgniter\View\View->render('products/index', [], true)
 3 APPPATH\Controllers\ProductController.php(14): view('products/index', [...])
 4 SYSTEMPATH\CodeIgniter.php(933): App\Controllers\ProductController->index()
 5 SYSTEMPATH\CodeIgniter.php(509): CodeIgniter\CodeIgniter->runController(Object(App\Controllers\ProductController))
 6 SYSTEMPATH\CodeIgniter.php(355): CodeIgniter\CodeIgniter->handleRequest(null, Object(Config\Cache), false)
 7 SYSTEMPATH\Boot.php(325): CodeIgniter\CodeIgniter->run()
 8 SYSTEMPATH\Boot.php(67): CodeIgniter\Boot::runCodeIgniter(Object(CodeIgniter\CodeIgniter))
 9 FCPATH\index.php(56): CodeIgniter\Boot::bootWeb(Object(Config\Paths))
CRITICAL - 2024-10-13 13:43:15 --> CodeIgniter\View\Exceptions\ViewException: Invalid file: "products/index.php"
[Method: GET, Route: products]
in SYSTEMPATH\Exceptions\FrameworkException.php on line 41.
 1 SYSTEMPATH\View\View.php(222): CodeIgniter\Exceptions\FrameworkException::forInvalidFile('products/index.php')
 2 SYSTEMPATH\Common.php(1171): CodeIgniter\View\View->render('products/index', [], true)
 3 APPPATH\Controllers\ProductController.php(14): view('products/index', [...])
 4 SYSTEMPATH\CodeIgniter.php(933): App\Controllers\ProductController->index()
 5 SYSTEMPATH\CodeIgniter.php(509): CodeIgniter\CodeIgniter->runController(Object(App\Controllers\ProductController))
 6 SYSTEMPATH\CodeIgniter.php(355): CodeIgniter\CodeIgniter->handleRequest(null, Object(Config\Cache), false)
 7 SYSTEMPATH\Boot.php(325): CodeIgniter\CodeIgniter->run()
 8 SYSTEMPATH\Boot.php(67): CodeIgniter\Boot::runCodeIgniter(Object(CodeIgniter\CodeIgniter))
 9 FCPATH\index.php(56): CodeIgniter\Boot::bootWeb(Object(Config\Paths))
CRITICAL - 2024-10-13 13:43:15 --> CodeIgniter\View\Exceptions\ViewException: Invalid file: "products/index.php"
[Method: GET, Route: products]
in SYSTEMPATH\Exceptions\FrameworkException.php on line 41.
 1 SYSTEMPATH\View\View.php(222): CodeIgniter\Exceptions\FrameworkException::forInvalidFile('products/index.php')
 2 SYSTEMPATH\Common.php(1171): CodeIgniter\View\View->render('products/index', [], true)
 3 APPPATH\Controllers\ProductController.php(14): view('products/index', [...])
 4 SYSTEMPATH\CodeIgniter.php(933): App\Controllers\ProductController->index()
 5 SYSTEMPATH\CodeIgniter.php(509): CodeIgniter\CodeIgniter->runController(Object(App\Controllers\ProductController))
 6 SYSTEMPATH\CodeIgniter.php(355): CodeIgniter\CodeIgniter->handleRequest(null, Object(Config\Cache), false)
 7 SYSTEMPATH\Boot.php(325): CodeIgniter\CodeIgniter->run()
 8 SYSTEMPATH\Boot.php(67): CodeIgniter\Boot::runCodeIgniter(Object(CodeIgniter\CodeIgniter))
 9 FCPATH\index.php(56): CodeIgniter\Boot::bootWeb(Object(Config\Paths))
CRITICAL - 2024-10-13 13:43:15 --> CodeIgniter\View\Exceptions\ViewException: Invalid file: "products/index.php"
[Method: GET, Route: products]
in SYSTEMPATH\Exceptions\FrameworkException.php on line 41.
 1 SYSTEMPATH\View\View.php(222): CodeIgniter\Exceptions\FrameworkException::forInvalidFile('products/index.php')
 2 SYSTEMPATH\Common.php(1171): CodeIgniter\View\View->render('products/index', [], true)
 3 APPPATH\Controllers\ProductController.php(14): view('products/index', [...])
 4 SYSTEMPATH\CodeIgniter.php(933): App\Controllers\ProductController->index()
 5 SYSTEMPATH\CodeIgniter.php(509): CodeIgniter\CodeIgniter->runController(Object(App\Controllers\ProductController))
 6 SYSTEMPATH\CodeIgniter.php(355): CodeIgniter\CodeIgniter->handleRequest(null, Object(Config\Cache), false)
 7 SYSTEMPATH\Boot.php(325): CodeIgniter\CodeIgniter->run()
 8 SYSTEMPATH\Boot.php(67): CodeIgniter\Boot::runCodeIgniter(Object(CodeIgniter\CodeIgniter))
 9 FCPATH\index.php(56): CodeIgniter\Boot::bootWeb(Object(Config\Paths))
CRITICAL - 2024-10-13 13:43:15 --> CodeIgniter\View\Exceptions\ViewException: Invalid file: "products/index.php"
[Method: GET, Route: products]
in SYSTEMPATH\Exceptions\FrameworkException.php on line 41.
 1 SYSTEMPATH\View\View.php(222): CodeIgniter\Exceptions\FrameworkException::forInvalidFile('products/index.php')
 2 SYSTEMPATH\Common.php(1171): CodeIgniter\View\View->render('products/index', [], true)
 3 APPPATH\Controllers\ProductController.php(14): view('products/index', [...])
 4 SYSTEMPATH\CodeIgniter.php(933): App\Controllers\ProductController->index()
 5 SYSTEMPATH\CodeIgniter.php(509): CodeIgniter\CodeIgniter->runController(Object(App\Controllers\ProductController))
 6 SYSTEMPATH\CodeIgniter.php(355): CodeIgniter\CodeIgniter->handleRequest(null, Object(Config\Cache), false)
 7 SYSTEMPATH\Boot.php(325): CodeIgniter\CodeIgniter->run()
 8 SYSTEMPATH\Boot.php(67): CodeIgniter\Boot::runCodeIgniter(Object(CodeIgniter\CodeIgniter))
 9 FCPATH\index.php(56): CodeIgniter\Boot::bootWeb(Object(Config\Paths))
CRITICAL - 2024-10-13 13:54:20 --> CodeIgniter\HTTP\Exceptions\BadRequestException: The URI you submitted has disallowed characters: "products]"
[Method: GET, Route: Macalino_TSA2/products%5D]
in SYSTEMPATH\Router\Router.php on line 737.
 1 SYSTEMPATH\Router\Router.php(204): CodeIgniter\Router\Router->checkDisallowedChars('Macalino_TSA2/products]')
 2 SYSTEMPATH\CodeIgniter.php(834): CodeIgniter\Router\Router->handle('Macalino_TSA2/products]')
 3 SYSTEMPATH\CodeIgniter.php(457): CodeIgniter\CodeIgniter->tryToRouteIt(Object(CodeIgniter\Router\RouteCollection))
 4 SYSTEMPATH\CodeIgniter.php(355): CodeIgniter\CodeIgniter->handleRequest(null, Object(Config\Cache), false)
 5 SYSTEMPATH\Boot.php(325): CodeIgniter\CodeIgniter->run()
 6 SYSTEMPATH\Boot.php(67): CodeIgniter\Boot::runCodeIgniter(Object(CodeIgniter\CodeIgniter))
 7 FCPATH\index.php(56): CodeIgniter\Boot::bootWeb(Object(Config\Paths))
CRITICAL - 2024-10-13 14:49:50 --> ErrorException: preg_match(): Compilation failed: missing closing parenthesis at offset 23
[Method: GET, Route: products/view/3]
in SYSTEMPATH\Router\Router.php on line 432.
 1 [internal function]: CodeIgniter\Debug\Exceptions->errorHandler(2, 'preg_match(): Compilation failed: missing closing parenthesis at offset 23', 'C:\\xampp\\htdocs\\Macalino_TSA2\\system\\Router\\Router.php', 432)
 2 SYSTEMPATH\Router\Router.php(432): preg_match('#^products/view/([0-9]+$#u', 'products/view/3', [])
 3 SYSTEMPATH\Router\Router.php(210): CodeIgniter\Router\Router->checkRoutes('products/view/3')
 4 SYSTEMPATH\CodeIgniter.php(834): CodeIgniter\Router\Router->handle('products/view/3')
 5 SYSTEMPATH\CodeIgniter.php(457): CodeIgniter\CodeIgniter->tryToRouteIt(Object(CodeIgniter\Router\RouteCollection))
 6 SYSTEMPATH\CodeIgniter.php(355): CodeIgniter\CodeIgniter->handleRequest(null, Object(Config\Cache), false)
 7 SYSTEMPATH\Boot.php(325): CodeIgniter\CodeIgniter->run()
 8 SYSTEMPATH\Boot.php(67): CodeIgniter\Boot::runCodeIgniter(Object(CodeIgniter\CodeIgniter))
 9 FCPATH\index.php(56): CodeIgniter\Boot::bootWeb(Object(Config\Paths))
CRITICAL - 2024-10-13 14:49:54 --> ErrorException: preg_match(): Compilation failed: missing closing parenthesis at offset 23
[Method: GET, Route: products/view/3]
in SYSTEMPATH\Router\Router.php on line 432.
 1 [internal function]: CodeIgniter\Debug\Exceptions->errorHandler(2, 'preg_match(): Compilation failed: missing closing parenthesis at offset 23', 'C:\\xampp\\htdocs\\Macalino_TSA2\\system\\Router\\Router.php', 432)
 2 SYSTEMPATH\Router\Router.php(432): preg_match('#^products/view/([0-9]+$#u', 'products/view/3', [])
 3 SYSTEMPATH\Router\Router.php(210): CodeIgniter\Router\Router->checkRoutes('products/view/3')
 4 SYSTEMPATH\CodeIgniter.php(834): CodeIgniter\Router\Router->handle('products/view/3')
 5 SYSTEMPATH\CodeIgniter.php(457): CodeIgniter\CodeIgniter->tryToRouteIt(Object(CodeIgniter\Router\RouteCollection))
 6 SYSTEMPATH\CodeIgniter.php(355): CodeIgniter\CodeIgniter->handleRequest(null, Object(Config\Cache), false)
 7 SYSTEMPATH\Boot.php(325): CodeIgniter\CodeIgniter->run()
 8 SYSTEMPATH\Boot.php(67): CodeIgniter\Boot::runCodeIgniter(Object(CodeIgniter\CodeIgniter))
 9 FCPATH\index.php(56): CodeIgniter\Boot::bootWeb(Object(Config\Paths))
CRITICAL - 2024-10-13 14:49:55 --> ErrorException: preg_match(): Compilation failed: missing closing parenthesis at offset 23
[Method: GET, Route: products/edit/3]
in SYSTEMPATH\Router\Router.php on line 432.
 1 [internal function]: CodeIgniter\Debug\Exceptions->errorHandler(2, 'preg_match(): Compilation failed: missing closing parenthesis at offset 23', 'C:\\xampp\\htdocs\\Macalino_TSA2\\system\\Router\\Router.php', 432)
 2 SYSTEMPATH\Router\Router.php(432): preg_match('#^products/view/([0-9]+$#u', 'products/edit/3', [])
 3 SYSTEMPATH\Router\Router.php(210): CodeIgniter\Router\Router->checkRoutes('products/edit/3')
 4 SYSTEMPATH\CodeIgniter.php(834): CodeIgniter\Router\Router->handle('products/edit/3')
 5 SYSTEMPATH\CodeIgniter.php(457): CodeIgniter\CodeIgniter->tryToRouteIt(Object(CodeIgniter\Router\RouteCollection))
 6 SYSTEMPATH\CodeIgniter.php(355): CodeIgniter\CodeIgniter->handleRequest(null, Object(Config\Cache), false)
 7 SYSTEMPATH\Boot.php(325): CodeIgniter\CodeIgniter->run()
 8 SYSTEMPATH\Boot.php(67): CodeIgniter\Boot::runCodeIgniter(Object(CodeIgniter\CodeIgniter))
 9 FCPATH\index.php(56): CodeIgniter\Boot::bootWeb(Object(Config\Paths))
CRITICAL - 2024-10-13 15:06:34 --> ParseError: syntax error, unexpected token "}", expecting ";"
[Method: GET, Route: login]
in APPPATH\Controllers\ProductController.php on line 25.
 1 SYSTEMPATH\Autoloader\Autoloader.php(296): CodeIgniter\Autoloader\Autoloader->includeFile('C:\\xampp\\htdocs\\Macalino_TSA2\\app\\Controllers\\ProductController.php')
 2 SYSTEMPATH\Autoloader\Autoloader.php(272): CodeIgniter\Autoloader\Autoloader->loadInNamespace('App\\Controllers\\ProductController')
 3 [internal function]: CodeIgniter\Autoloader\Autoloader->loadClass('App\\Controllers\\ProductController')
 4 SYSTEMPATH\CodeIgniter.php(887): class_exists('\\App\\Controllers\\ProductController', true)
 5 SYSTEMPATH\CodeIgniter.php(496): CodeIgniter\CodeIgniter->startController()
 6 SYSTEMPATH\CodeIgniter.php(355): CodeIgniter\CodeIgniter->handleRequest(null, Object(Config\Cache), false)
 7 SYSTEMPATH\Boot.php(325): CodeIgniter\CodeIgniter->run()
 8 SYSTEMPATH\Boot.php(67): CodeIgniter\Boot::runCodeIgniter(Object(CodeIgniter\CodeIgniter))
 9 FCPATH\index.php(56): CodeIgniter\Boot::bootWeb(Object(Config\Paths))
CRITICAL - 2024-10-13 15:08:09 --> ParseError: syntax error, unexpected token "}", expecting ";"
[Method: GET, Route: login]
in APPPATH\Controllers\ProductController.php on line 25.
 1 SYSTEMPATH\Autoloader\Autoloader.php(296): CodeIgniter\Autoloader\Autoloader->includeFile('C:\\xampp\\htdocs\\Macalino_TSA2\\app\\Controllers\\ProductController.php')
 2 SYSTEMPATH\Autoloader\Autoloader.php(272): CodeIgniter\Autoloader\Autoloader->loadInNamespace('App\\Controllers\\ProductController')
 3 [internal function]: CodeIgniter\Autoloader\Autoloader->loadClass('App\\Controllers\\ProductController')
 4 SYSTEMPATH\CodeIgniter.php(887): class_exists('\\App\\Controllers\\ProductController', true)
 5 SYSTEMPATH\CodeIgniter.php(496): CodeIgniter\CodeIgniter->startController()
 6 SYSTEMPATH\CodeIgniter.php(355): CodeIgniter\CodeIgniter->handleRequest(null, Object(Config\Cache), false)
 7 SYSTEMPATH\Boot.php(325): CodeIgniter\CodeIgniter->run()
 8 SYSTEMPATH\Boot.php(67): CodeIgniter\Boot::runCodeIgniter(Object(CodeIgniter\CodeIgniter))
 9 FCPATH\index.php(56): CodeIgniter\Boot::bootWeb(Object(Config\Paths))
CRITICAL - 2024-10-13 15:08:09 --> ParseError: syntax error, unexpected token "}", expecting ";"
[Method: GET, Route: login]
in APPPATH\Controllers\ProductController.php on line 25.
 1 SYSTEMPATH\Autoloader\Autoloader.php(296): CodeIgniter\Autoloader\Autoloader->includeFile('C:\\xampp\\htdocs\\Macalino_TSA2\\app\\Controllers\\ProductController.php')
 2 SYSTEMPATH\Autoloader\Autoloader.php(272): CodeIgniter\Autoloader\Autoloader->loadInNamespace('App\\Controllers\\ProductController')
 3 [internal function]: CodeIgniter\Autoloader\Autoloader->loadClass('App\\Controllers\\ProductController')
 4 SYSTEMPATH\CodeIgniter.php(887): class_exists('\\App\\Controllers\\ProductController', true)
 5 SYSTEMPATH\CodeIgniter.php(496): CodeIgniter\CodeIgniter->startController()
 6 SYSTEMPATH\CodeIgniter.php(355): CodeIgniter\CodeIgniter->handleRequest(null, Object(Config\Cache), false)
 7 SYSTEMPATH\Boot.php(325): CodeIgniter\CodeIgniter->run()
 8 SYSTEMPATH\Boot.php(67): CodeIgniter\Boot::runCodeIgniter(Object(CodeIgniter\CodeIgniter))
 9 FCPATH\index.php(56): CodeIgniter\Boot::bootWeb(Object(Config\Paths))
CRITICAL - 2024-10-13 15:08:09 --> ParseError: syntax error, unexpected token "}", expecting ";"
[Method: GET, Route: login]
in APPPATH\Controllers\ProductController.php on line 25.
 1 SYSTEMPATH\Autoloader\Autoloader.php(296): CodeIgniter\Autoloader\Autoloader->includeFile('C:\\xampp\\htdocs\\Macalino_TSA2\\app\\Controllers\\ProductController.php')
 2 SYSTEMPATH\Autoloader\Autoloader.php(272): CodeIgniter\Autoloader\Autoloader->loadInNamespace('App\\Controllers\\ProductController')
 3 [internal function]: CodeIgniter\Autoloader\Autoloader->loadClass('App\\Controllers\\ProductController')
 4 SYSTEMPATH\CodeIgniter.php(887): class_exists('\\App\\Controllers\\ProductController', true)
 5 SYSTEMPATH\CodeIgniter.php(496): CodeIgniter\CodeIgniter->startController()
 6 SYSTEMPATH\CodeIgniter.php(355): CodeIgniter\CodeIgniter->handleRequest(null, Object(Config\Cache), false)
 7 SYSTEMPATH\Boot.php(325): CodeIgniter\CodeIgniter->run()
 8 SYSTEMPATH\Boot.php(67): CodeIgniter\Boot::runCodeIgniter(Object(CodeIgniter\CodeIgniter))
 9 FCPATH\index.php(56): CodeIgniter\Boot::bootWeb(Object(Config\Paths))
CRITICAL - 2024-10-13 16:24:51 --> ParseError: syntax error, unexpected token ";"
[Method: GET, Route: login]
in APPPATH\Views\products\login.php on line 160.
 1 SYSTEMPATH\View\View.php(237): CodeIgniter\View\View->CodeIgniter\View\{closure}()
 2 SYSTEMPATH\Common.php(1171): CodeIgniter\View\View->render('products/login', [], true)
 3 APPPATH\Controllers\ProductController.php(24): view('products/login')
 4 SYSTEMPATH\CodeIgniter.php(933): App\Controllers\ProductController->login()
 5 SYSTEMPATH\CodeIgniter.php(509): CodeIgniter\CodeIgniter->runController(Object(App\Controllers\ProductController))
 6 SYSTEMPATH\CodeIgniter.php(355): CodeIgniter\CodeIgniter->handleRequest(null, Object(Config\Cache), false)
 7 SYSTEMPATH\Boot.php(325): CodeIgniter\CodeIgniter->run()
 8 SYSTEMPATH\Boot.php(67): CodeIgniter\Boot::runCodeIgniter(Object(CodeIgniter\CodeIgniter))
 9 FCPATH\index.php(56): CodeIgniter\Boot::bootWeb(Object(Config\Paths))
CRITICAL - 2024-10-13 16:24:51 --> ParseError: syntax error, unexpected token ";"
[Method: GET, Route: login]
in APPPATH\Views\products\login.php on line 160.
 1 SYSTEMPATH\View\View.php(237): CodeIgniter\View\View->CodeIgniter\View\{closure}()
 2 SYSTEMPATH\Common.php(1171): CodeIgniter\View\View->render('products/login', [], true)
 3 APPPATH\Controllers\ProductController.php(24): view('products/login')
 4 SYSTEMPATH\CodeIgniter.php(933): App\Controllers\ProductController->login()
 5 SYSTEMPATH\CodeIgniter.php(509): CodeIgniter\CodeIgniter->runController(Object(App\Controllers\ProductController))
 6 SYSTEMPATH\CodeIgniter.php(355): CodeIgniter\CodeIgniter->handleRequest(null, Object(Config\Cache), false)
 7 SYSTEMPATH\Boot.php(325): CodeIgniter\CodeIgniter->run()
 8 SYSTEMPATH\Boot.php(67): CodeIgniter\Boot::runCodeIgniter(Object(CodeIgniter\CodeIgniter))
 9 FCPATH\index.php(56): CodeIgniter\Boot::bootWeb(Object(Config\Paths))
CRITICAL - 2024-10-13 17:27:07 --> CodeIgniter\View\Exceptions\ViewException: Invalid file: "products/login.php"
[Method: GET, Route: /]
in SYSTEMPATH\Exceptions\FrameworkException.php on line 41.
 1 SYSTEMPATH\View\View.php(222): CodeIgniter\Exceptions\FrameworkException::forInvalidFile('products/login.php')
 2 SYSTEMPATH\Common.php(1171): CodeIgniter\View\View->render('products/login', [], true)
 3 APPPATH\Controllers\ProductController.php(31): view('products/login')
 4 SYSTEMPATH\CodeIgniter.php(933): App\Controllers\ProductController->signup()
 5 SYSTEMPATH\CodeIgniter.php(509): CodeIgniter\CodeIgniter->runController(Object(App\Controllers\ProductController))
 6 SYSTEMPATH\CodeIgniter.php(355): CodeIgniter\CodeIgniter->handleRequest(null, Object(Config\Cache), false)
 7 SYSTEMPATH\Boot.php(325): CodeIgniter\CodeIgniter->run()
 8 SYSTEMPATH\Boot.php(67): CodeIgniter\Boot::runCodeIgniter(Object(CodeIgniter\CodeIgniter))
 9 FCPATH\index.php(56): CodeIgniter\Boot::bootWeb(Object(Config\Paths))
CRITICAL - 2024-10-13 17:27:51 --> CodeIgniter\View\Exceptions\ViewException: Invalid file: "/signup.php"
[Method: GET, Route: /]
in SYSTEMPATH\Exceptions\FrameworkException.php on line 41.
 1 SYSTEMPATH\View\View.php(222): CodeIgniter\Exceptions\FrameworkException::forInvalidFile('/signup.php')
 2 SYSTEMPATH\Common.php(1171): CodeIgniter\View\View->render('/signup', [], true)
 3 APPPATH\Controllers\ProductController.php(31): view('/signup')
 4 SYSTEMPATH\CodeIgniter.php(933): App\Controllers\ProductController->signup()
 5 SYSTEMPATH\CodeIgniter.php(509): CodeIgniter\CodeIgniter->runController(Object(App\Controllers\ProductController))
 6 SYSTEMPATH\CodeIgniter.php(355): CodeIgniter\CodeIgniter->handleRequest(null, Object(Config\Cache), false)
 7 SYSTEMPATH\Boot.php(325): CodeIgniter\CodeIgniter->run()
 8 SYSTEMPATH\Boot.php(67): CodeIgniter\Boot::runCodeIgniter(Object(CodeIgniter\CodeIgniter))
 9 FCPATH\index.php(56): CodeIgniter\Boot::bootWeb(Object(Config\Paths))
